2025-09-08 16:13:34 | INFO  | c.busbuddy.adminservice.AdminService | Starting AdminService using Java 17.0.15 with PID 14580 (D:\TCS BusBuddy\Workspace\adminservice\target\classes started by Admin in D:\TCS BusBuddy\Workspace\adminservice)
2025-09-08 16:13:34 | DEBUG | c.busbuddy.adminservice.AdminService | Running with Spring Boot v3.5.3, Spring v6.2.8
2025-09-08 16:13:34 | INFO  | c.busbuddy.adminservice.AdminService | No active profile set, falling back to 1 default profile: "default"
2025-09-08 16:13:34 | INFO  | o.s.b.d.e.DevToolsPropertyDefaultsPostProcessor | Devtools property defaults active! Set 'spring.devtools.add-properties' to 'false' to disable
2025-09-08 16:13:34 | INFO  | o.s.b.d.e.DevToolsPropertyDefaultsPostProcessor | For additional web related logging consider setting the 'logging.level.web' property to 'DEBUG'
2025-09-08 16:13:41 | INFO  | o.s.d.r.c.RepositoryConfigurationDelegate | Bootstrapping Spring Data JPA repositories in DEFAULT mode.
2025-09-08 16:13:42 | INFO  | o.s.d.r.c.RepositoryConfigurationDelegate | Finished Spring Data repository scanning in 695 ms. Found 7 JPA repository interfaces.
2025-09-08 16:13:47 | INFO  | o.s.b.w.e.tomcat.TomcatWebServer | Tomcat initialized with port 8080 (http)
2025-09-08 16:13:47 | INFO  | o.a.catalina.core.StandardService | Starting service [Tomcat]
2025-09-08 16:13:47 | INFO  | o.a.catalina.core.StandardEngine | Starting Servlet engine: [Apache Tomcat/10.1.42]
2025-09-08 16:13:47 | INFO  | o.a.c.c.C.[Tomcat].[localhost].[/] | Initializing Spring embedded WebApplicationContext
2025-09-08 16:13:47 | INFO  | o.s.b.w.s.c.ServletWebServerApplicationContext | Root WebApplicationContext: initialization completed in 12936 ms
2025-09-08 16:13:49 | INFO  | o.h.jpa.internal.util.LogHelper | HHH000204: Processing PersistenceUnitInfo [name: default]
2025-09-08 16:13:49 | INFO  | org.hibernate.Version | HHH000412: Hibernate ORM core version 6.6.18.Final
2025-09-08 16:13:49 | INFO  | o.h.c.i.RegionFactoryInitiator | HHH000026: Second-level cache disabled
2025-09-08 16:13:50 | INFO  | o.s.o.j.p.SpringPersistenceUnitInfo | No LoadTimeWeaver setup: ignoring JPA class transformer
2025-09-08 16:13:50 | INFO  | com.zaxxer.hikari.HikariDataSource | HikariPool-1 - Starting...
2025-09-08 16:13:52 | INFO  | com.zaxxer.hikari.pool.HikariPool | HikariPool-1 - Added connection com.mysql.cj.jdbc.ConnectionImpl@67cd8d71
2025-09-08 16:13:52 | INFO  | com.zaxxer.hikari.HikariDataSource | HikariPool-1 - Start completed.
2025-09-08 16:13:52 | WARN  | org.hibernate.orm.deprecation | HHH90000025: MySQLDialect does not need to be specified explicitly using 'hibernate.dialect' (remove the property setting and it will be selected by default)
2025-09-08 16:13:52 | INFO  | o.hibernate.orm.connections.pooling | HHH10001005: Database info:
	Database JDBC URL [Connecting through datasource 'HikariDataSource (HikariPool-1)']
	Database driver: undefined/unknown
	Database version: 8.0.42
	Autocommit mode: undefined/unknown
	Isolation level: undefined/unknown
	Minimum pool size: undefined/unknown
	Maximum pool size: undefined/unknown
2025-09-08 16:13:59 | INFO  | o.h.e.t.j.p.i.JtaPlatformInitiator | HHH000489: No JTA platform available (set 'hibernate.transaction.jta.platform' to enable JTA platform integration)
2025-09-08 16:13:59 | INFO  | o.s.o.j.LocalContainerEntityManagerFactoryBean | Initialized JPA EntityManagerFactory for persistence unit 'default'
2025-09-08 16:14:02 | WARN  | o.s.b.a.o.j.JpaBaseConfiguration$JpaWebConfiguration | spring.jpa.open-in-view is enabled by default. Therefore, database queries may be performed during view rendering. Explicitly configure spring.jpa.open-in-view to disable this warning
2025-09-08 16:14:06 | WARN  | o.s.b.a.s.s.UserDetailsServiceAutoConfiguration | 

Using generated security password: e9b572a8-b318-4630-b9ec-1ca9f44feb54

This generated password is for development use only. Your security configuration must be updated before running your application in production.

2025-09-08 16:14:06 | INFO  | o.s.s.c.a.a.c.InitializeUserDetailsBeanManagerConfigurer$InitializeUserDetailsManagerConfigurer | Global AuthenticationManager configured with UserDetailsService bean with name inMemoryUserDetailsManager
2025-09-08 16:14:06 | INFO  | o.s.b.a.e.web.EndpointLinksResolver | Exposing 1 endpoint beneath base path '/actuator'
2025-09-08 16:14:07 | INFO  | o.s.b.d.a.OptionalLiveReloadServer | LiveReload server is running on port 35729
2025-09-08 16:14:08 | INFO  | o.s.b.w.e.tomcat.TomcatWebServer | Tomcat started on port 8080 (http) with context path '/'
2025-09-08 16:14:08 | INFO  | c.busbuddy.adminservice.AdminService | Started AdminService in 37.736 seconds (process running for 45.262)
